0 info it worked if it ends with ok
1 verbose cli [ 'node',
1 verbose cli   'c:\\Users\\z\\AppData\\Roaming\\npm\\node_modules\\cnpm\\node_modules\\npm\\bin\\npm-cli.js',
1 verbose cli   '--userconfig=C:\\Users\\z\\.cnpmrc',
1 verbose cli   '--disturl=https://npm.taobao.org/dist',
1 verbose cli   '--cache=C:\\Users\\z\\.npm\\.cache_cnpm',
1 verbose cli   '--registry=https://registry.npm.taobao.org',
1 verbose cli   'install' ]
2 info using npm@2.1.10
3 info using node@v0.10.26
4 error install Couldn't read dependencies
5 verbose stack Error: ENOENT, open 'd:\gitrepos\practice\package.json'
6 verbose cwd d:\gitrepos\practice\back
7 error Windows_NT 6.1.7601
8 error argv "node" "c:\\Users\\z\\AppData\\Roaming\\npm\\node_modules\\cnpm\\node_modules\\npm\\bin\\npm-cli.js" "--userconfig=C:\\Users\\z\\.cnpmrc" "--disturl=https://npm.taobao.org/dist" "--cache=C:\\Users\\z\\.npm\\.cache_cnpm" "--registry=https://registry.npm.taobao.org" "install"
9 error node v0.10.26
10 error npm  v2.1.10
11 error path d:\gitrepos\practice\package.json
12 error code ENOPACKAGEJSON
13 error errno 34
14 error package.json ENOENT, open 'd:\gitrepos\practice\package.json'
14 error package.json This is most likely not a problem with npm itself.
14 error package.json npm can't find a package.json file in your current directory.
15 verbose exit [ 34, true ]
